mode: set
github.com/joshguarino/poketool/main.go:8.13,10.2 1 1
github.com/joshguarino/poketool/cmd/berries.go:17.47,30.13 5 0
github.com/joshguarino/poketool/cmd/berries.go:30.13,33.18 3 0
github.com/joshguarino/poketool/cmd/berries.go:33.18,35.5 1 0
github.com/joshguarino/poketool/cmd/berries.go:36.4,36.24 1 0
github.com/joshguarino/poketool/cmd/berries.go:37.9,40.4 2 0
github.com/joshguarino/poketool/cmd/berries.go:43.3,43.19 1 0
github.com/joshguarino/poketool/cmd/berries.go:43.19,45.4 1 0
github.com/joshguarino/poketool/cmd/berries.go:46.3,46.25 1 0
github.com/joshguarino/poketool/cmd/berries.go:50.13,54.2 3 1
github.com/joshguarino/poketool/cmd/contests.go:17.47,30.13 5 0
github.com/joshguarino/poketool/cmd/contests.go:30.13,33.18 3 0
github.com/joshguarino/poketool/cmd/contests.go:33.18,35.5 1 0
github.com/joshguarino/poketool/cmd/contests.go:36.4,36.24 1 0
github.com/joshguarino/poketool/cmd/contests.go:37.9,40.4 2 0
github.com/joshguarino/poketool/cmd/contests.go:43.3,43.19 1 0
github.com/joshguarino/poketool/cmd/contests.go:43.19,45.4 1 0
github.com/joshguarino/poketool/cmd/contests.go:46.3,46.25 1 0
github.com/joshguarino/poketool/cmd/contests.go:50.13,54.2 3 1
github.com/joshguarino/poketool/cmd/encounters.go:17.47,30.13 5 0
github.com/joshguarino/poketool/cmd/encounters.go:30.13,33.18 3 0
github.com/joshguarino/poketool/cmd/encounters.go:33.18,35.5 1 0
github.com/joshguarino/poketool/cmd/encounters.go:36.4,36.24 1 0
github.com/joshguarino/poketool/cmd/encounters.go:37.9,40.4 2 0
github.com/joshguarino/poketool/cmd/encounters.go:43.3,43.19 1 0
github.com/joshguarino/poketool/cmd/encounters.go:43.19,45.4 1 0
github.com/joshguarino/poketool/cmd/encounters.go:46.3,46.25 1 0
github.com/joshguarino/poketool/cmd/encounters.go:50.13,54.2 3 1
github.com/joshguarino/poketool/cmd/evolution.go:17.47,30.13 5 0
github.com/joshguarino/poketool/cmd/evolution.go:30.13,33.18 3 0
github.com/joshguarino/poketool/cmd/evolution.go:33.18,35.5 1 0
github.com/joshguarino/poketool/cmd/evolution.go:36.4,36.24 1 0
github.com/joshguarino/poketool/cmd/evolution.go:37.9,40.4 2 0
github.com/joshguarino/poketool/cmd/evolution.go:43.3,43.19 1 0
github.com/joshguarino/poketool/cmd/evolution.go:43.19,45.4 1 0
github.com/joshguarino/poketool/cmd/evolution.go:46.3,46.25 1 0
github.com/joshguarino/poketool/cmd/evolution.go:50.13,54.2 3 1
github.com/joshguarino/poketool/cmd/games.go:17.47,30.13 5 0
github.com/joshguarino/poketool/cmd/games.go:30.13,33.18 3 0
github.com/joshguarino/poketool/cmd/games.go:33.18,35.5 1 0
github.com/joshguarino/poketool/cmd/games.go:36.4,36.24 1 0
github.com/joshguarino/poketool/cmd/games.go:37.9,40.4 2 0
github.com/joshguarino/poketool/cmd/games.go:43.3,43.19 1 0
github.com/joshguarino/poketool/cmd/games.go:43.19,45.4 1 0
github.com/joshguarino/poketool/cmd/games.go:46.3,46.25 1 0
github.com/joshguarino/poketool/cmd/games.go:50.13,54.2 3 1
github.com/joshguarino/poketool/cmd/items.go:17.47,30.13 5 0
github.com/joshguarino/poketool/cmd/items.go:30.13,33.18 3 0
github.com/joshguarino/poketool/cmd/items.go:33.18,35.5 1 0
github.com/joshguarino/poketool/cmd/items.go:36.4,36.24 1 0
github.com/joshguarino/poketool/cmd/items.go:37.9,40.4 2 0
github.com/joshguarino/poketool/cmd/items.go:43.3,43.19 1 0
github.com/joshguarino/poketool/cmd/items.go:43.19,45.4 1 0
github.com/joshguarino/poketool/cmd/items.go:46.3,46.25 1 0
github.com/joshguarino/poketool/cmd/items.go:50.13,54.2 3 1
github.com/joshguarino/poketool/cmd/locations.go:17.47,27.13 4 0
github.com/joshguarino/poketool/cmd/locations.go:27.13,30.18 3 0
github.com/joshguarino/poketool/cmd/locations.go:30.18,32.5 1 0
github.com/joshguarino/poketool/cmd/locations.go:33.4,33.17 1 0
github.com/joshguarino/poketool/cmd/locations.go:34.9,37.4 2 0
github.com/joshguarino/poketool/cmd/locations.go:40.3,40.19 1 0
github.com/joshguarino/poketool/cmd/locations.go:40.19,42.4 1 0
github.com/joshguarino/poketool/cmd/locations.go:43.3,43.25 1 0
github.com/joshguarino/poketool/cmd/locations.go:47.13,51.2 3 1
github.com/joshguarino/poketool/cmd/machines.go:17.47,30.13 5 0
github.com/joshguarino/poketool/cmd/machines.go:30.13,33.18 3 0
github.com/joshguarino/poketool/cmd/machines.go:33.18,35.5 1 0
github.com/joshguarino/poketool/cmd/machines.go:36.4,36.24 1 0
github.com/joshguarino/poketool/cmd/machines.go:37.9,40.4 2 0
github.com/joshguarino/poketool/cmd/machines.go:43.3,43.19 1 0
github.com/joshguarino/poketool/cmd/machines.go:43.19,45.4 1 0
github.com/joshguarino/poketool/cmd/machines.go:46.3,46.25 1 0
github.com/joshguarino/poketool/cmd/machines.go:50.13,54.2 3 1
github.com/joshguarino/poketool/cmd/moves.go:17.47,27.13 4 0
github.com/joshguarino/poketool/cmd/moves.go:27.13,30.18 3 0
github.com/joshguarino/poketool/cmd/moves.go:30.18,32.5 1 0
github.com/joshguarino/poketool/cmd/moves.go:33.4,33.17 1 0
github.com/joshguarino/poketool/cmd/moves.go:34.9,37.4 2 0
github.com/joshguarino/poketool/cmd/moves.go:40.3,40.19 1 0
github.com/joshguarino/poketool/cmd/moves.go:40.19,42.4 1 0
github.com/joshguarino/poketool/cmd/moves.go:43.3,43.25 1 0
github.com/joshguarino/poketool/cmd/moves.go:47.13,51.2 3 1
github.com/joshguarino/poketool/cmd/pokedex.go:13.47,15.3 1 0
github.com/joshguarino/poketool/cmd/pokedex.go:18.13,20.2 1 1
github.com/joshguarino/poketool/cmd/pokemon.go:21.47,31.13 4 0
github.com/joshguarino/poketool/cmd/pokemon.go:31.13,34.18 3 0
github.com/joshguarino/poketool/cmd/pokemon.go:34.18,36.5 1 0
github.com/joshguarino/poketool/cmd/pokemon.go:37.4,37.17 1 0
github.com/joshguarino/poketool/cmd/pokemon.go:38.9,41.4 2 0
github.com/joshguarino/poketool/cmd/pokemon.go:44.3,44.19 1 0
github.com/joshguarino/poketool/cmd/pokemon.go:44.19,46.4 1 0
github.com/joshguarino/poketool/cmd/pokemon.go:47.3,47.25 1 0
github.com/joshguarino/poketool/cmd/pokemon.go:51.13,55.2 3 1
github.com/joshguarino/poketool/cmd/root.go:25.16,27.16 2 0
github.com/joshguarino/poketool/cmd/root.go:27.16,29.3 1 0
github.com/joshguarino/poketool/cmd/root.go:32.14,42.2 0 1
github.com/joshguarino/poketool/internal/cmd_helper.go:7.69,12.2 1 1
github.com/joshguarino/poketool/internal/cmd_helper.go:14.43,18.2 1 1
github.com/joshguarino/poketool/internal/cmd_helper.go:20.47,25.2 1 1
github.com/joshguarino/poketool/internal/cmd_helper.go:27.53,29.16 2 0
github.com/joshguarino/poketool/internal/cmd_helper.go:29.16,30.13 1 0
github.com/joshguarino/poketool/internal/cmd_helper.go:32.2,32.15 1 0
github.com/joshguarino/poketool/internal/cmd_helper.go:35.53,37.16 2 0
github.com/joshguarino/poketool/internal/cmd_helper.go:37.16,38.13 1 0
github.com/joshguarino/poketool/internal/cmd_helper.go:40.2,40.15 1 0
github.com/joshguarino/poketool/internal/cmd_helper.go:43.54,46.2 2 0
github.com/joshguarino/poketool/internal/request.go:13.29,18.16 5 1
github.com/joshguarino/poketool/internal/request.go:18.16,21.3 2 0
github.com/joshguarino/poketool/internal/request.go:22.2,24.16 3 1
github.com/joshguarino/poketool/internal/request.go:24.16,27.3 2 0
github.com/joshguarino/poketool/internal/request.go:28.2,28.13 1 1
github.com/joshguarino/poketool/internal/request.go:31.51,36.2 4 1
github.com/joshguarino/poketool/internal/writer.go:11.88,12.18 1 0
github.com/joshguarino/poketool/internal/writer.go:13.14,15.9 2 0
github.com/joshguarino/poketool/internal/writer.go:16.14,18.9 2 0
github.com/joshguarino/poketool/internal/writer.go:19.13,21.9 2 0
github.com/joshguarino/poketool/internal/writer.go:25.44,26.52 1 1
github.com/joshguarino/poketool/internal/writer.go:26.52,28.17 2 0
github.com/joshguarino/poketool/internal/writer.go:28.17,29.14 1 0
github.com/joshguarino/poketool/internal/writer.go:34.71,37.16 3 1
github.com/joshguarino/poketool/internal/writer.go:37.16,38.13 1 0
github.com/joshguarino/poketool/internal/writer.go:40.2,44.22 5 1
github.com/joshguarino/poketool/internal/writer.go:47.71,50.16 3 1
github.com/joshguarino/poketool/internal/writer.go:50.16,51.13 1 0
github.com/joshguarino/poketool/internal/writer.go:53.2,55.18 3 1
github.com/joshguarino/poketool/internal/writer.go:58.70,61.16 3 1
github.com/joshguarino/poketool/internal/writer.go:61.16,62.13 1 0
github.com/joshguarino/poketool/internal/writer.go:64.2,67.22 4 1
github.com/joshguarino/poketool/internal/resources/items/controller.go:5.70,6.16 1 1
github.com/joshguarino/poketool/internal/resources/items/controller.go:7.14,8.40 1 1
github.com/joshguarino/poketool/internal/resources/items/controller.go:9.24,10.49 1 1
github.com/joshguarino/poketool/internal/resources/items/controller.go:11.23,12.48 1 1
github.com/joshguarino/poketool/internal/resources/items/controller.go:13.27,14.51 1 0
github.com/joshguarino/poketool/internal/resources/items/controller.go:15.21,16.46 1 1
github.com/joshguarino/poketool/internal/resources/items/controller.go:19.2,19.27 1 1
github.com/joshguarino/poketool/internal/resources/items/controller.go:22.93,23.16 1 1
github.com/joshguarino/poketool/internal/resources/items/controller.go:24.14,25.42 1 1
github.com/joshguarino/poketool/internal/resources/items/controller.go:26.24,27.51 1 1
github.com/joshguarino/poketool/internal/resources/items/controller.go:28.23,29.50 1 1
github.com/joshguarino/poketool/internal/resources/items/controller.go:30.27,31.53 1 1
github.com/joshguarino/poketool/internal/resources/items/controller.go:32.21,33.48 1 1
github.com/joshguarino/poketool/internal/resources/items/controller.go:36.2,36.17 1 1
github.com/joshguarino/poketool/internal/resources/items/items.go:11.67,13.16 2 1
github.com/joshguarino/poketool/internal/resources/items/items.go:13.16,16.3 2 1
github.com/joshguarino/poketool/internal/resources/items/items.go:17.2,17.18 1 1
github.com/joshguarino/poketool/internal/resources/items/items.go:20.51,23.2 2 1
github.com/joshguarino/poketool/internal/resources/items/items.go:25.85,27.16 2 1
github.com/joshguarino/poketool/internal/resources/items/items.go:27.16,30.3 2 1
github.com/joshguarino/poketool/internal/resources/items/items.go:31.2,31.27 1 1
github.com/joshguarino/poketool/internal/resources/items/items.go:34.60,37.2 2 1
github.com/joshguarino/poketool/internal/resources/items/items.go:39.83,41.16 2 1
github.com/joshguarino/poketool/internal/resources/items/items.go:41.16,44.3 2 1
github.com/joshguarino/poketool/internal/resources/items/items.go:45.2,45.26 1 1
github.com/joshguarino/poketool/internal/resources/items/items.go:48.59,51.2 2 1
github.com/joshguarino/poketool/internal/resources/items/items.go:53.89,55.16 2 1
github.com/joshguarino/poketool/internal/resources/items/items.go:55.16,58.3 2 1
github.com/joshguarino/poketool/internal/resources/items/items.go:59.2,59.29 1 1
github.com/joshguarino/poketool/internal/resources/items/items.go:62.62,65.2 2 1
github.com/joshguarino/poketool/internal/resources/items/items.go:67.79,69.16 2 1
github.com/joshguarino/poketool/internal/resources/items/items.go:69.16,72.3 2 1
github.com/joshguarino/poketool/internal/resources/items/items.go:73.2,73.24 1 1
github.com/joshguarino/poketool/internal/resources/items/items.go:76.57,79.2 2 1
github.com/joshguarino/poketool/internal/resources/evolution/controller.go:5.70,6.16 1 1
github.com/joshguarino/poketool/internal/resources/evolution/controller.go:7.25,8.54 1 1
github.com/joshguarino/poketool/internal/resources/evolution/controller.go:9.27,10.56 1 1
github.com/joshguarino/poketool/internal/resources/evolution/controller.go:13.2,13.27 1 1
github.com/joshguarino/poketool/internal/resources/evolution/controller.go:16.93,17.16 1 1
github.com/joshguarino/poketool/internal/resources/evolution/controller.go:18.25,19.56 1 1
github.com/joshguarino/poketool/internal/resources/evolution/controller.go:20.27,21.58 1 1
github.com/joshguarino/poketool/internal/resources/evolution/controller.go:24.2,24.17 1 1
github.com/joshguarino/poketool/internal/resources/evolution/evolution.go:11.89,13.16 2 1
github.com/joshguarino/poketool/internal/resources/evolution/evolution.go:13.16,16.3 2 1
github.com/joshguarino/poketool/internal/resources/evolution/evolution.go:17.2,17.28 1 1
github.com/joshguarino/poketool/internal/resources/evolution/evolution.go:20.69,23.2 2 1
github.com/joshguarino/poketool/internal/resources/evolution/evolution.go:25.99,27.16 2 1
github.com/joshguarino/poketool/internal/resources/evolution/evolution.go:27.16,30.3 2 1
github.com/joshguarino/poketool/internal/resources/evolution/evolution.go:31.2,31.30 1 1
github.com/joshguarino/poketool/internal/resources/evolution/evolution.go:34.71,37.2 2 1
github.com/joshguarino/poketool/internal/resources/machines/controller.go:5.70,6.16 1 1
github.com/joshguarino/poketool/internal/resources/machines/controller.go:7.17,8.46 1 1
github.com/joshguarino/poketool/internal/resources/machines/controller.go:11.2,11.27 1 1
github.com/joshguarino/poketool/internal/resources/machines/controller.go:14.93,15.16 1 1
github.com/joshguarino/poketool/internal/resources/machines/controller.go:16.17,17.48 1 1
github.com/joshguarino/poketool/internal/resources/machines/controller.go:20.2,20.17 1 1
github.com/joshguarino/poketool/internal/resources/machines/machines.go:11.73,13.16 2 1
github.com/joshguarino/poketool/internal/resources/machines/machines.go:13.16,16.3 2 1
github.com/joshguarino/poketool/internal/resources/machines/machines.go:17.2,17.21 1 1
github.com/joshguarino/poketool/internal/resources/machines/machines.go:20.60,23.2 2 1
github.com/joshguarino/poketool/internal/resources/games/controller.go:5.70,6.16 1 1
github.com/joshguarino/poketool/internal/resources/games/controller.go:7.20,8.46 1 1
github.com/joshguarino/poketool/internal/resources/games/controller.go:9.17,10.43 1 1
github.com/joshguarino/poketool/internal/resources/games/controller.go:11.17,12.43 1 1
github.com/joshguarino/poketool/internal/resources/games/controller.go:13.23,14.48 1 1
github.com/joshguarino/poketool/internal/resources/games/controller.go:17.2,17.27 1 1
github.com/joshguarino/poketool/internal/resources/games/controller.go:20.93,21.16 1 1
github.com/joshguarino/poketool/internal/resources/games/controller.go:22.20,23.48 1 1
github.com/joshguarino/poketool/internal/resources/games/controller.go:24.17,25.45 1 1
github.com/joshguarino/poketool/internal/resources/games/controller.go:26.17,27.45 1 1
github.com/joshguarino/poketool/internal/resources/games/controller.go:28.23,29.50 1 1
github.com/joshguarino/poketool/internal/resources/games/controller.go:32.2,32.17 1 1
github.com/joshguarino/poketool/internal/resources/games/games.go:11.79,13.16 2 1
github.com/joshguarino/poketool/internal/resources/games/games.go:13.16,16.3 2 1
github.com/joshguarino/poketool/internal/resources/games/games.go:17.2,17.24 1 1
github.com/joshguarino/poketool/internal/resources/games/games.go:20.57,23.2 2 1
github.com/joshguarino/poketool/internal/resources/games/games.go:25.73,27.16 2 1
github.com/joshguarino/poketool/internal/resources/games/games.go:27.16,30.3 2 1
github.com/joshguarino/poketool/internal/resources/games/games.go:31.2,31.21 1 1
github.com/joshguarino/poketool/internal/resources/games/games.go:34.54,37.2 2 1
github.com/joshguarino/poketool/internal/resources/games/games.go:39.73,41.16 2 1
github.com/joshguarino/poketool/internal/resources/games/games.go:41.16,44.3 2 1
github.com/joshguarino/poketool/internal/resources/games/games.go:45.2,45.21 1 1
github.com/joshguarino/poketool/internal/resources/games/games.go:48.54,51.2 2 1
github.com/joshguarino/poketool/internal/resources/games/games.go:53.83,55.16 2 1
github.com/joshguarino/poketool/internal/resources/games/games.go:55.16,58.3 2 1
github.com/joshguarino/poketool/internal/resources/games/games.go:59.2,59.26 1 1
github.com/joshguarino/poketool/internal/resources/games/games.go:62.59,65.2 2 1
github.com/joshguarino/poketool/internal/resources/locations/controller.go:5.46,6.16 1 0
github.com/joshguarino/poketool/internal/resources/locations/controller.go:7.18,8.27 1 0
github.com/joshguarino/poketool/internal/resources/locations/controller.go:9.23,10.31 1 0
github.com/joshguarino/poketool/internal/resources/locations/controller.go:11.23,12.30 1 0
github.com/joshguarino/poketool/internal/resources/locations/controller.go:13.16,14.25 1 0
github.com/joshguarino/poketool/internal/resources/locations/controller.go:17.2,17.27 1 0
github.com/joshguarino/poketool/internal/resources/locations/controller.go:20.69,21.16 1 0
github.com/joshguarino/poketool/internal/resources/locations/controller.go:22.18,23.29 1 0
github.com/joshguarino/poketool/internal/resources/locations/controller.go:24.23,25.33 1 0
github.com/joshguarino/poketool/internal/resources/locations/controller.go:26.23,27.32 1 0
github.com/joshguarino/poketool/internal/resources/locations/controller.go:28.16,29.27 1 0
github.com/joshguarino/poketool/internal/resources/locations/controller.go:32.2,32.16 1 0
github.com/joshguarino/poketool/internal/resources/locations/locations.go:11.61,13.16 2 1
github.com/joshguarino/poketool/internal/resources/locations/locations.go:13.16,16.3 2 1
github.com/joshguarino/poketool/internal/resources/locations/locations.go:17.2,17.22 1 1
github.com/joshguarino/poketool/internal/resources/locations/locations.go:20.41,23.2 2 1
github.com/joshguarino/poketool/internal/resources/locations/locations.go:25.69,27.16 2 1
github.com/joshguarino/poketool/internal/resources/locations/locations.go:27.16,30.3 2 1
github.com/joshguarino/poketool/internal/resources/locations/locations.go:31.2,31.26 1 1
github.com/joshguarino/poketool/internal/resources/locations/locations.go:34.45,37.2 2 1
github.com/joshguarino/poketool/internal/resources/locations/locations.go:39.67,41.16 2 1
github.com/joshguarino/poketool/internal/resources/locations/locations.go:41.16,44.3 2 1
github.com/joshguarino/poketool/internal/resources/locations/locations.go:45.2,45.25 1 1
github.com/joshguarino/poketool/internal/resources/locations/locations.go:48.44,51.2 2 1
github.com/joshguarino/poketool/internal/resources/locations/locations.go:53.57,55.16 2 1
github.com/joshguarino/poketool/internal/resources/locations/locations.go:55.16,58.3 2 1
github.com/joshguarino/poketool/internal/resources/locations/locations.go:59.2,59.20 1 1
github.com/joshguarino/poketool/internal/resources/locations/locations.go:62.39,65.2 2 1
github.com/joshguarino/poketool/internal/resources/contests/contests.go:11.87,13.16 2 1
github.com/joshguarino/poketool/internal/resources/contests/contests.go:13.16,16.3 2 1
github.com/joshguarino/poketool/internal/resources/contests/contests.go:17.2,17.25 1 1
github.com/joshguarino/poketool/internal/resources/contests/contests.go:20.64,23.2 2 1
github.com/joshguarino/poketool/internal/resources/contests/contests.go:25.85,27.16 2 1
github.com/joshguarino/poketool/internal/resources/contests/contests.go:27.16,30.3 2 1
github.com/joshguarino/poketool/internal/resources/contests/contests.go:31.2,31.27 1 1
github.com/joshguarino/poketool/internal/resources/contests/contests.go:34.66,37.2 2 1
github.com/joshguarino/poketool/internal/resources/contests/contests.go:39.95,41.16 2 1
github.com/joshguarino/poketool/internal/resources/contests/contests.go:41.16,44.3 2 1
github.com/joshguarino/poketool/internal/resources/contests/contests.go:45.2,45.32 1 1
github.com/joshguarino/poketool/internal/resources/contests/contests.go:48.71,51.2 2 1
github.com/joshguarino/poketool/internal/resources/contests/controller.go:5.70,6.16 1 1
github.com/joshguarino/poketool/internal/resources/contests/controller.go:7.22,8.50 1 1
github.com/joshguarino/poketool/internal/resources/contests/controller.go:9.24,10.52 1 1
github.com/joshguarino/poketool/internal/resources/contests/controller.go:11.30,12.57 1 1
github.com/joshguarino/poketool/internal/resources/contests/controller.go:15.2,15.27 1 1
github.com/joshguarino/poketool/internal/resources/contests/controller.go:18.93,19.16 1 1
github.com/joshguarino/poketool/internal/resources/contests/controller.go:20.22,21.52 1 1
github.com/joshguarino/poketool/internal/resources/contests/controller.go:22.24,23.54 1 1
github.com/joshguarino/poketool/internal/resources/contests/controller.go:24.30,25.59 1 1
github.com/joshguarino/poketool/internal/resources/contests/controller.go:28.2,28.17 1 1
github.com/joshguarino/poketool/internal/resources/encounters/controller.go:5.70,6.16 1 1
github.com/joshguarino/poketool/internal/resources/encounters/controller.go:7.26,8.56 1 1
github.com/joshguarino/poketool/internal/resources/encounters/controller.go:9.29,10.59 1 1
github.com/joshguarino/poketool/internal/resources/encounters/controller.go:11.35,12.64 1 1
github.com/joshguarino/poketool/internal/resources/encounters/controller.go:15.2,15.27 1 1
github.com/joshguarino/poketool/internal/resources/encounters/controller.go:18.93,19.16 1 1
github.com/joshguarino/poketool/internal/resources/encounters/controller.go:20.26,21.58 1 1
github.com/joshguarino/poketool/internal/resources/encounters/controller.go:22.29,23.61 1 1
github.com/joshguarino/poketool/internal/resources/encounters/controller.go:24.35,25.66 1 1
github.com/joshguarino/poketool/internal/resources/encounters/controller.go:28.2,28.17 1 1
github.com/joshguarino/poketool/internal/resources/encounters/encounters.go:11.99,13.16 2 1
github.com/joshguarino/poketool/internal/resources/encounters/encounters.go:13.16,16.3 2 1
github.com/joshguarino/poketool/internal/resources/encounters/encounters.go:17.2,17.29 1 1
github.com/joshguarino/poketool/internal/resources/encounters/encounters.go:20.72,23.2 2 1
github.com/joshguarino/poketool/internal/resources/encounters/encounters.go:25.105,27.16 2 1
github.com/joshguarino/poketool/internal/resources/encounters/encounters.go:27.16,30.3 2 1
github.com/joshguarino/poketool/internal/resources/encounters/encounters.go:31.2,31.32 1 1
github.com/joshguarino/poketool/internal/resources/encounters/encounters.go:34.75,37.2 2 1
github.com/joshguarino/poketool/internal/resources/encounters/encounters.go:39.115,41.16 2 1
github.com/joshguarino/poketool/internal/resources/encounters/encounters.go:41.16,44.3 2 1
github.com/joshguarino/poketool/internal/resources/encounters/encounters.go:45.2,45.37 1 1
github.com/joshguarino/poketool/internal/resources/encounters/encounters.go:48.80,51.2 2 1
github.com/joshguarino/poketool/internal/resources/berries/berries.go:11.73,13.16 2 1
github.com/joshguarino/poketool/internal/resources/berries/berries.go:13.16,16.3 2 1
github.com/joshguarino/poketool/internal/resources/berries/berries.go:17.2,17.19 1 1
github.com/joshguarino/poketool/internal/resources/berries/berries.go:20.56,23.2 2 1
github.com/joshguarino/poketool/internal/resources/berries/berries.go:25.89,27.16 2 1
github.com/joshguarino/poketool/internal/resources/berries/berries.go:27.16,30.3 2 1
github.com/joshguarino/poketool/internal/resources/berries/berries.go:31.2,31.27 1 1
github.com/joshguarino/poketool/internal/resources/berries/berries.go:34.64,37.2 2 1
github.com/joshguarino/poketool/internal/resources/berries/berries.go:39.85,41.16 2 1
github.com/joshguarino/poketool/internal/resources/berries/berries.go:41.16,44.3 2 1
github.com/joshguarino/poketool/internal/resources/berries/berries.go:45.2,45.25 1 1
github.com/joshguarino/poketool/internal/resources/berries/berries.go:48.62,51.2 2 1
github.com/joshguarino/poketool/internal/resources/berries/controller.go:7.70,8.16 1 1
github.com/joshguarino/poketool/internal/resources/berries/controller.go:9.17,10.43 1 1
github.com/joshguarino/poketool/internal/resources/berries/controller.go:11.26,12.51 1 1
github.com/joshguarino/poketool/internal/resources/berries/controller.go:13.23,14.49 1 1
github.com/joshguarino/poketool/internal/resources/berries/controller.go:17.2,17.27 1 1
github.com/joshguarino/poketool/internal/resources/berries/controller.go:20.93,21.16 1 1
github.com/joshguarino/poketool/internal/resources/berries/controller.go:22.17,23.45 1 1
github.com/joshguarino/poketool/internal/resources/berries/controller.go:24.26,25.53 1 1
github.com/joshguarino/poketool/internal/resources/berries/controller.go:26.23,27.51 1 1
github.com/joshguarino/poketool/internal/resources/berries/controller.go:30.2,30.17 1 1
github.com/joshguarino/poketool/internal/resources/moves/controller.go:5.46,6.16 1 0
github.com/joshguarino/poketool/internal/resources/moves/controller.go:7.14,8.23 1 0
github.com/joshguarino/poketool/internal/resources/moves/controller.go:9.22,10.30 1 0
github.com/joshguarino/poketool/internal/resources/moves/controller.go:11.27,12.34 1 0
github.com/joshguarino/poketool/internal/resources/moves/controller.go:13.23,14.31 1 0
github.com/joshguarino/poketool/internal/resources/moves/controller.go:15.27,16.34 1 0
github.com/joshguarino/poketool/internal/resources/moves/controller.go:17.27,18.34 1 0
github.com/joshguarino/poketool/internal/resources/moves/controller.go:19.21,20.29 1 0
github.com/joshguarino/poketool/internal/resources/moves/controller.go:23.2,23.27 1 0
github.com/joshguarino/poketool/internal/resources/moves/controller.go:26.69,27.16 1 0
github.com/joshguarino/poketool/internal/resources/moves/controller.go:28.14,29.25 1 0
github.com/joshguarino/poketool/internal/resources/moves/controller.go:30.22,31.32 1 0
github.com/joshguarino/poketool/internal/resources/moves/controller.go:32.27,33.36 1 0
github.com/joshguarino/poketool/internal/resources/moves/controller.go:34.23,35.33 1 0
github.com/joshguarino/poketool/internal/resources/moves/controller.go:36.27,37.36 1 0
github.com/joshguarino/poketool/internal/resources/moves/controller.go:38.27,39.36 1 0
github.com/joshguarino/poketool/internal/resources/moves/controller.go:40.21,41.31 1 0
github.com/joshguarino/poketool/internal/resources/moves/controller.go:44.2,44.16 1 0
github.com/joshguarino/poketool/internal/resources/moves/moves.go:11.53,13.16 2 1
github.com/joshguarino/poketool/internal/resources/moves/moves.go:13.16,16.3 2 1
github.com/joshguarino/poketool/internal/resources/moves/moves.go:17.2,17.18 1 1
github.com/joshguarino/poketool/internal/resources/moves/moves.go:20.37,23.2 2 1
github.com/joshguarino/poketool/internal/resources/moves/moves.go:25.67,27.16 2 1
github.com/joshguarino/poketool/internal/resources/moves/moves.go:27.16,30.3 2 1
github.com/joshguarino/poketool/internal/resources/moves/moves.go:31.2,31.25 1 1
github.com/joshguarino/poketool/internal/resources/moves/moves.go:34.44,37.2 2 1
github.com/joshguarino/poketool/internal/resources/moves/moves.go:39.75,41.16 2 1
github.com/joshguarino/poketool/internal/resources/moves/moves.go:41.16,44.3 2 1
github.com/joshguarino/poketool/internal/resources/moves/moves.go:45.2,45.29 1 1
github.com/joshguarino/poketool/internal/resources/moves/moves.go:48.48,51.2 2 1
github.com/joshguarino/poketool/internal/resources/moves/moves.go:53.69,55.16 2 1
github.com/joshguarino/poketool/internal/resources/moves/moves.go:55.16,58.3 2 1
github.com/joshguarino/poketool/internal/resources/moves/moves.go:59.2,59.26 1 1
github.com/joshguarino/poketool/internal/resources/moves/moves.go:62.45,65.2 2 1
github.com/joshguarino/poketool/internal/resources/moves/moves.go:67.75,69.16 2 1
github.com/joshguarino/poketool/internal/resources/moves/moves.go:69.16,72.3 2 1
github.com/joshguarino/poketool/internal/resources/moves/moves.go:73.2,73.29 1 1
github.com/joshguarino/poketool/internal/resources/moves/moves.go:76.48,79.2 2 1
github.com/joshguarino/poketool/internal/resources/moves/moves.go:81.75,83.16 2 1
github.com/joshguarino/poketool/internal/resources/moves/moves.go:83.16,86.3 2 1
github.com/joshguarino/poketool/internal/resources/moves/moves.go:87.2,87.29 1 1
github.com/joshguarino/poketool/internal/resources/moves/moves.go:90.48,93.2 2 1
github.com/joshguarino/poketool/internal/resources/moves/moves.go:95.65,97.16 2 1
github.com/joshguarino/poketool/internal/resources/moves/moves.go:97.16,100.3 2 1
github.com/joshguarino/poketool/internal/resources/moves/moves.go:101.2,101.24 1 1
github.com/joshguarino/poketool/internal/resources/moves/moves.go:104.43,107.2 2 1
github.com/joshguarino/poketool/internal/resources/pokemon/controller.go:7.46,8.16 1 0
github.com/joshguarino/poketool/internal/resources/pokemon/controller.go:9.19,10.26 1 0
github.com/joshguarino/poketool/internal/resources/pokemon/controller.go:11.25,12.33 1 0
github.com/joshguarino/poketool/internal/resources/pokemon/controller.go:13.20,14.27 1 0
github.com/joshguarino/poketool/internal/resources/pokemon/controller.go:15.17,16.25 1 0
github.com/joshguarino/poketool/internal/resources/pokemon/controller.go:17.22,18.29 1 0
github.com/joshguarino/poketool/internal/resources/pokemon/controller.go:19.17,20.25 1 0
github.com/joshguarino/poketool/internal/resources/pokemon/controller.go:21.26,22.33 1 0
github.com/joshguarino/poketool/internal/resources/pokemon/controller.go:23.17,24.26 1 0
github.com/joshguarino/poketool/internal/resources/pokemon/controller.go:25.24,26.31 1 0
github.com/joshguarino/poketool/internal/resources/pokemon/controller.go:27.23,28.30 1 0
github.com/joshguarino/poketool/internal/resources/pokemon/controller.go:29.26,30.33 1 0
github.com/joshguarino/poketool/internal/resources/pokemon/controller.go:31.24,32.31 1 0
github.com/joshguarino/poketool/internal/resources/pokemon/controller.go:33.25,34.33 1 0
github.com/joshguarino/poketool/internal/resources/pokemon/controller.go:35.15,36.23 1 0
github.com/joshguarino/poketool/internal/resources/pokemon/controller.go:37.15,38.23 1 0
github.com/joshguarino/poketool/internal/resources/pokemon/controller.go:41.2,41.27 1 0
github.com/joshguarino/poketool/internal/resources/pokemon/controller.go:44.69,45.16 1 0
github.com/joshguarino/poketool/internal/resources/pokemon/controller.go:46.19,47.28 1 0
github.com/joshguarino/poketool/internal/resources/pokemon/controller.go:48.25,49.35 1 0
github.com/joshguarino/poketool/internal/resources/pokemon/controller.go:50.20,51.29 1 0
github.com/joshguarino/poketool/internal/resources/pokemon/controller.go:52.17,53.27 1 0
github.com/joshguarino/poketool/internal/resources/pokemon/controller.go:54.22,55.31 1 0
github.com/joshguarino/poketool/internal/resources/pokemon/controller.go:56.17,57.27 1 0
github.com/joshguarino/poketool/internal/resources/pokemon/controller.go:58.26,59.35 1 0
github.com/joshguarino/poketool/internal/resources/pokemon/controller.go:60.17,61.28 1 0
github.com/joshguarino/poketool/internal/resources/pokemon/controller.go:62.24,63.33 1 0
github.com/joshguarino/poketool/internal/resources/pokemon/controller.go:64.23,65.32 1 0
github.com/joshguarino/poketool/internal/resources/pokemon/controller.go:66.26,67.35 1 0
github.com/joshguarino/poketool/internal/resources/pokemon/controller.go:68.24,69.33 1 0
github.com/joshguarino/poketool/internal/resources/pokemon/controller.go:70.25,71.35 1 0
github.com/joshguarino/poketool/internal/resources/pokemon/controller.go:72.15,73.25 1 0
github.com/joshguarino/poketool/internal/resources/pokemon/controller.go:74.15,75.25 1 0
github.com/joshguarino/poketool/internal/resources/pokemon/controller.go:78.2,78.16 1 0
github.com/joshguarino/poketool/internal/resources/pokemon/pokemon.go:12.59,14.16 2 1
github.com/joshguarino/poketool/internal/resources/pokemon/pokemon.go:14.16,17.3 2 1
github.com/joshguarino/poketool/internal/resources/pokemon/pokemon.go:18.2,18.21 1 1
github.com/joshguarino/poketool/internal/resources/pokemon/pokemon.go:21.40,24.2 2 1
github.com/joshguarino/poketool/internal/resources/pokemon/pokemon.go:26.67,28.16 2 1
github.com/joshguarino/poketool/internal/resources/pokemon/pokemon.go:28.16,31.3 2 1
github.com/joshguarino/poketool/internal/resources/pokemon/pokemon.go:32.2,32.28 1 1
github.com/joshguarino/poketool/internal/resources/pokemon/pokemon.go:35.47,38.2 2 1
github.com/joshguarino/poketool/internal/resources/pokemon/pokemon.go:40.61,42.16 2 1
github.com/joshguarino/poketool/internal/resources/pokemon/pokemon.go:42.16,45.3 2 1
github.com/joshguarino/poketool/internal/resources/pokemon/pokemon.go:46.2,46.22 1 1
github.com/joshguarino/poketool/internal/resources/pokemon/pokemon.go:49.41,52.2 2 1
github.com/joshguarino/poketool/internal/resources/pokemon/pokemon.go:54.57,56.16 2 1
github.com/joshguarino/poketool/internal/resources/pokemon/pokemon.go:56.16,59.3 2 1
github.com/joshguarino/poketool/internal/resources/pokemon/pokemon.go:60.2,60.20 1 1
github.com/joshguarino/poketool/internal/resources/pokemon/pokemon.go:63.39,66.2 2 1
github.com/joshguarino/poketool/internal/resources/pokemon/pokemon.go:68.65,70.16 2 1
github.com/joshguarino/poketool/internal/resources/pokemon/pokemon.go:70.16,73.3 2 1
github.com/joshguarino/poketool/internal/resources/pokemon/pokemon.go:74.2,74.24 1 1
github.com/joshguarino/poketool/internal/resources/pokemon/pokemon.go:77.43,80.2 2 1
github.com/joshguarino/poketool/internal/resources/pokemon/pokemon.go:82.57,84.16 2 1
github.com/joshguarino/poketool/internal/resources/pokemon/pokemon.go:84.16,87.3 2 1
github.com/joshguarino/poketool/internal/resources/pokemon/pokemon.go:88.2,88.20 1 1
github.com/joshguarino/poketool/internal/resources/pokemon/pokemon.go:91.39,94.2 2 1
github.com/joshguarino/poketool/internal/resources/pokemon/pokemon.go:96.73,98.16 2 1
github.com/joshguarino/poketool/internal/resources/pokemon/pokemon.go:98.16,101.3 2 1
github.com/joshguarino/poketool/internal/resources/pokemon/pokemon.go:102.2,102.28 1 1
github.com/joshguarino/poketool/internal/resources/pokemon/pokemon.go:105.47,108.2 2 1
github.com/joshguarino/poketool/internal/resources/pokemon/pokemon.go:110.59,112.16 2 1
github.com/joshguarino/poketool/internal/resources/pokemon/pokemon.go:112.16,115.3 2 1
github.com/joshguarino/poketool/internal/resources/pokemon/pokemon.go:116.2,116.21 1 1
github.com/joshguarino/poketool/internal/resources/pokemon/pokemon.go:119.40,122.2 2 1
github.com/joshguarino/poketool/internal/resources/pokemon/pokemon.go:124.80,130.2 5 1
github.com/joshguarino/poketool/internal/resources/pokemon/pokemon.go:132.69,134.16 2 1
github.com/joshguarino/poketool/internal/resources/pokemon/pokemon.go:134.16,137.3 2 1
github.com/joshguarino/poketool/internal/resources/pokemon/pokemon.go:138.2,138.26 1 1
github.com/joshguarino/poketool/internal/resources/pokemon/pokemon.go:141.45,144.2 2 1
github.com/joshguarino/poketool/internal/resources/pokemon/pokemon.go:146.67,148.16 2 1
github.com/joshguarino/poketool/internal/resources/pokemon/pokemon.go:148.16,151.3 2 1
github.com/joshguarino/poketool/internal/resources/pokemon/pokemon.go:152.2,152.25 1 1
github.com/joshguarino/poketool/internal/resources/pokemon/pokemon.go:155.44,158.2 2 1
github.com/joshguarino/poketool/internal/resources/pokemon/pokemon.go:160.73,162.16 2 1
github.com/joshguarino/poketool/internal/resources/pokemon/pokemon.go:162.16,165.3 2 1
github.com/joshguarino/poketool/internal/resources/pokemon/pokemon.go:166.2,166.28 1 1
github.com/joshguarino/poketool/internal/resources/pokemon/pokemon.go:169.47,172.2 2 1
github.com/joshguarino/poketool/internal/resources/pokemon/pokemon.go:174.69,176.16 2 1
github.com/joshguarino/poketool/internal/resources/pokemon/pokemon.go:176.16,179.3 2 1
github.com/joshguarino/poketool/internal/resources/pokemon/pokemon.go:180.2,180.26 1 1
github.com/joshguarino/poketool/internal/resources/pokemon/pokemon.go:183.45,186.2 2 1
github.com/joshguarino/poketool/internal/resources/pokemon/pokemon.go:188.73,190.16 2 1
github.com/joshguarino/poketool/internal/resources/pokemon/pokemon.go:190.16,193.3 2 1
github.com/joshguarino/poketool/internal/resources/pokemon/pokemon.go:194.2,194.28 1 1
github.com/joshguarino/poketool/internal/resources/pokemon/pokemon.go:197.47,200.2 2 1
github.com/joshguarino/poketool/internal/resources/pokemon/pokemon.go:202.53,204.16 2 1
github.com/joshguarino/poketool/internal/resources/pokemon/pokemon.go:204.16,207.3 2 1
github.com/joshguarino/poketool/internal/resources/pokemon/pokemon.go:208.2,208.18 1 1
github.com/joshguarino/poketool/internal/resources/pokemon/pokemon.go:211.37,214.2 2 1
github.com/joshguarino/poketool/internal/resources/pokemon/pokemon.go:216.53,218.16 2 1
github.com/joshguarino/poketool/internal/resources/pokemon/pokemon.go:218.16,221.3 2 1
github.com/joshguarino/poketool/internal/resources/pokemon/pokemon.go:222.2,222.25 1 1
github.com/joshguarino/poketool/internal/resources/pokemon/pokemon.go:225.37,228.2 2 1
